C51 COMPILER V9.60.0.0   MOTOR                                                             01/19/2021 21:19:59 PAGE 1   


C51 COMPILER V9.60.0.0, COMPILATION OF MODULE MOTOR
OBJECT MODULE PLACED IN .\Objects\motor.obj
COMPILER INVOKED BY: C:\Keil_v5\C51\BIN\C51.EXE motor.c OPTIMIZE(8,SPEED) BROWSE DEBUG OBJECTEXTEND PRINT(.\Listings\mot
                    -or.lst) TABS(2) OBJECT(.\Objects\motor.obj)

line level    source

   1          #include<stdio.h>
   2          #include<reg51.h>
   3          char xdata port _at_ 0xe803;
   4          char xdata porta _at_ 0xe800;
   5          char xdata acc _at_ 0x30; 
   6          void delay(){
   7   1          int j;
   8   1          for(j = 0;j < 800; j++);
   9   1      }
  10          void main(){
  11   1          port = 0x80;
  12   1          while(1){
  13   2              acc = 0x11;  
  14   2              porta = acc; 
  15   2              delay();
  16   2              acc = 0x22;
  17   2              porta = acc;
  18   2              delay();
  19   2              acc = 0x44;
  20   2              porta = acc;
  21   2              delay();
  22   2              acc = 0x88;
  23   2              porta = acc;
  24   2              delay();
  25   2          }
  26   1      }


MODULE INFORMATION:   STATIC OVERLAYABLE
   CODE SIZE        =     57    ----
   CONSTANT SIZE    =   ----    ----
   XDATA SIZE       =   ----    ----
   PDATA SIZE       =   ----    ----
   DATA SIZE        =   ----    ----
   IDATA SIZE       =   ----    ----
   BIT SIZE         =   ----    ----
END OF MODULE INFORMATION.


C51 COMPILATION COMPLETE.  0 WARNING(S),  0 ERROR(S)
